<?xml version="1.0" encoding="UTF-8"?>
<!-- Generated by org.testng.reporters.JUnitReportReporter -->
<testsuite skipped="0" hostname="DESKTOP-HFBOBCV" name="testRunners.ApiRunner" tests="1" failures="0" timestamp="2020-04-01T09:42:33 PDT" time="0.251" errors="0">
  <testcase name="runScenario" time="0.251" classname="testRunners.ApiRunner"/>
  <system-out/>
</testsuite> <!-- testRunners.ApiRunner -->
