<?xml version="1.0" encoding="UTF-8"?>
<!-- Generated by org.testng.reporters.JUnitReportReporter -->
<testsuite skipped="0" hostname="DESKTOP-HFBOBCV" name="testRunners.FirstRunner" tests="1" failures="0" timestamp="2020-03-27T02:01:55 PDT" time="24.930" errors="0">
  <testcase name="runScenario" time="24.930" classname="testRunners.FirstRunner"/>
  <system-out/>
</testsuite> <!-- testRunners.FirstRunner -->
