<?xml version="1.0" encoding="UTF-8"?>
<!-- Generated by org.testng.reporters.JUnitReportReporter -->
<testsuite skipped="2" hostname="DESKTOP-HFBOBCV" name="RestAssuredTest" tests="5" failures="0" timestamp="2020-04-01T11:45:14 PDT" time="5.641" errors="0">
  <testcase name="test3" time="4.509" classname="RestAssuredTest"/>
  <system-out/>
  <testcase name="test5" time="0.447" classname="RestAssuredTest"/>
  <system-out/>
  <testcase name="test4" time="0.685" classname="RestAssuredTest"/>
  <system-out/>
  <testcase name="test1" classname="RestAssuredTest">
    <skipped/>
  </testcase> <!-- test1 -->
  <system-out/>
  <testcase name="test2" classname="RestAssuredTest">
    <skipped/>
  </testcase> <!-- test2 -->
  <system-out/>
</testsuite> <!-- RestAssuredTest -->
